<?xml version="1.0" encoding="UTF-8"?>
<!-- Generated by org.testng.reporters.JUnitXMLReporter -->
<testsuite ignored="0" hostname="CTAS-Laptop076" failures="1" tests="3" name="Error Validations Test" time="30.38" errors="0" timestamp="2024-02-27T15:03:56 ICT">
  <testcase classname="mhdnurfaizzy.Test.errorValidationsTest" name="loginErrorValidation" time="1.539">
    <skipped/>
  </testcase> <!-- loginErrorValidation -->
  <testcase classname="mhdnurfaizzy.Test.errorValidationsTest" name="loginErrorValidation" time="0.608">
    <failure type="java.lang.AssertionError" message="expected [Incorrect email or password.] but found [Incorrect email password.]">
      <![CDATA[java.lang.AssertionError: expected [Incorrect email or password.] but found [Incorrect email password.]
at mhdnurfaizzy.Test.errorValidationsTest.loginErrorValidation(errorValidationsTest.java:20)
at java.base/java.util.ArrayList.forEach(ArrayList.java:1596)
at java.base/java.util.concurrent.FutureTask.run(FutureTask.java:317)
at java.base/java.util.concurrent.ThreadPoolExecutor.runWorker(ThreadPoolExecutor.java:1144)
at java.base/java.util.concurrent.ThreadPoolExecutor$Worker.run(ThreadPoolExecutor.java:642)
at java.base/java.lang.Thread.run(Thread.java:1583)
... Removed 21 stack frames]]>
    </failure>
  </testcase> <!-- loginErrorValidation -->
  <testcase classname="mhdnurfaizzy.Test.errorValidationsTest" name="productErrorValidation" time="5.414"/>
</testsuite> <!-- Error Validations Test -->
