<?xml version="1.0" encoding="UTF-8"?>
<!-- Generated by org.testng.reporters.JUnitXMLReporter -->
<testsuite ignored="0" hostname="CTAS-Laptop076" failures="1" tests="3" name="Submit Order Test" time="34.556" errors="0" timestamp="2024-02-27T15:04:00 ICT">
  <testcase classname="mhdnurfaizzy.Test.e2eTest" name="submitOrder" time="4.877"/>
  <testcase classname="mhdnurfaizzy.Test.e2eTest" name="submitOrder" time="5.416"/>
  <testcase classname="mhdnurfaizzy.Test.e2eTest" name="ordersHistoryTest" time="0.93">
    <failure type="java.lang.AssertionError" message="expected [true] but found [false]">
      <![CDATA[java.lang.AssertionError: expected [true] but found [false]
at mhdnurfaizzy.Test.e2eTest.ordersHistoryTest(e2eTest.java:56)
at java.base/java.util.ArrayList.forEach(ArrayList.java:1596)
at java.base/java.util.concurrent.FutureTask.run(FutureTask.java:317)
at java.base/java.util.concurrent.ThreadPoolExecutor.runWorker(ThreadPoolExecutor.java:1144)
at java.base/java.util.concurrent.ThreadPoolExecutor$Worker.run(ThreadPoolExecutor.java:642)
at java.base/java.lang.Thread.run(Thread.java:1583)
... Removed 19 stack frames]]>
    </failure>
  </testcase> <!-- ordersHistoryTest -->
</testsuite> <!-- Submit Order Test -->
